<?xml version="1.0" encoding="UTF-8"?>
<testsuite xmlns:xsi="http://www.w3.org/2001/XMLSchema-instance" xsi:noNamespaceSchemaLocation="https://maven.apache.org/surefire/maven-surefire-plugin/xsd/surefire-test-report-3.0.xsd" version="3.0" name="com.donation.DonationServiceTest" time="0.075" tests="2" errors="0" skipped="0" failures="0">
  <properties>
[...]
</properties>
  <testcase name="testValidDonation" classname="com.donation.DonationServiceTest" time="0.039">
    <system-out><![CDATA[Donation processed: User
]]></system-out>
  </testcase>
  <testcase name="testInvalidDonation" classname="com.donation.DonationServiceTest" time="0.005"/>
</testsuite>